<?xml version="1.0" encoding="UTF-8"?>
<!-- Generated by org.testng.reporters.JUnitXMLReporter -->
<testsuite hostname="SCAN-IT-PDC206" ignored="0" name="ChromeTest" tests="4" failures="2" timestamp="01 Dec 2019 06:04:11 GMT" time="108.267" errors="0">
  <testcase name="verifyShoppingCategory" time="2.741" classname="testscripts.AmzonSearch"/>
  <testcase name="verifySearch" time="22.13" classname="testscripts.AmzonSearch"/>
  <testcase name="verifySortLowToHighPrice" time="6.701" classname="testscripts.AmzonSearch">
    <failure type="java.lang.AssertionError" message="expected [true] but found [false]">
      <![CDATA[java.lang.AssertionError: expected [true] but found [false]
at testscripts.AmzonSearch.verifySortLowToHighPrice(AmzonSearch.java:140)
at testNgExecutor.SuiteExecutor.main(SuiteExecutor.java:20)
... Removed 26 stack frames]]>
    </failure>
  </testcase> <!-- verifySortLowToHighPrice -->
  <testcase name="verifyAddToCart" time="61.394" classname="testscripts.AmzonSearch">
    <failure type="java.lang.AssertionError" message="expected [2] but found [3]">
      <![CDATA[java.lang.AssertionError: expected [2] but found [3]
at testscripts.AmzonSearch.verifyAddToCart(AmzonSearch.java:187)
at testNgExecutor.SuiteExecutor.main(SuiteExecutor.java:20)
... Removed 28 stack frames]]>
    </failure>
  </testcase> <!-- verifyAddToCart -->
</testsuite> <!-- ChromeTest -->
