<?xml version="1.0" encoding="UTF-8"?>
<!-- Generated by org.testng.reporters.JUnitXMLReporter -->
<testsuite hostname="SCAN-IT-PDC206" ignored="0" name="EdgeTest" tests="4" failures="0" timestamp="01 Dec 2019 07:47:36 GMT" time="311.164" errors="0">
  <testcase name="@BeforeClass initiateBrowser" time="311.152" classname="setupconfig.BaseTestScript">
    <failure type="org.openqa.selenium.TimeoutException" message="Timeout (WARNING: The server did not provide any stacktrace information)
Command duration or timeout: 0 milliseconds
Build info: version: &amp;apos;3.141.59&amp;apos;, revision: &amp;apos;e82be7d358&amp;apos;, time: &amp;apos;2018-11-14T08:17:03&amp;apos;
System info: host: &amp;apos;SCAN-IT-PDC206&amp;apos;, ip: &amp;apos;192.168.56.1&amp;apos;, os.name: &amp;apos;Windows 10&amp;apos;, os.arch: &amp;apos;amd64&amp;apos;, os.version: &amp;apos;10.0&amp;apos;, java.version: &amp;apos;1.8.0_101&amp;apos;
Driver info: org.openqa.selenium.edge.EdgeDriver
Capabilities {acceptSslCerts: true, applicationCacheEnabled: true, browserName: MicrosoftEdge, browserVersion: 40.15063.674.0, javascriptEnabled: true, locationContextEnabled: true, pageLoadStrategy: normal, platform: WINDOWS, platformName: WINDOWS, platformVersion: 10, takesElementScreenshot: true, takesScreenshot: true, webStorageEnabled: true}
Session ID: 6A69B427-1D5B-4BE7-8A0F-78EFA65F3716">
      <![CDATA[org.openqa.selenium.TimeoutException: Timeout (WARNING: The server did not provide any stacktrace information)
Command duration or timeout: 0 milliseconds
Build info: version: '3.141.59', revision: 'e82be7d358', time: '2018-11-14T08:17:03'
System info: host: 'SCAN-IT-PDC206', ip: '192.168.56.1', os.name: 'Windows 10', os.arch: 'amd64', os.version: '10.0', java.version: '1.8.0_101'
Driver info: org.openqa.selenium.edge.EdgeDriver
Capabilities {acceptSslCerts: true, applicationCacheEnabled: true, browserName: MicrosoftEdge, browserVersion: 40.15063.674.0, javascriptEnabled: true, locationContextEnabled: true, pageLoadStrategy: normal, platform: WINDOWS, platformName: WINDOWS, platformVersion: 10, takesElementScreenshot: true, takesScreenshot: true, webStorageEnabled: true}
Session ID: 6A69B427-1D5B-4BE7-8A0F-78EFA65F3716
at org.openqa.selenium.remote.ErrorHandler.createThrowable(ErrorHandler.java:214)
at org.openqa.selenium.remote.ErrorHandler.throwIfResponseFailed(ErrorHandler.java:166)
at org.openqa.selenium.remote.http.JsonHttpResponseCodec.reconstructValue(JsonHttpResponseCodec.java:40)
at org.openqa.selenium.remote.http.AbstractHttpResponseCodec.decode(AbstractHttpResponseCodec.java:80)
at org.openqa.selenium.remote.http.AbstractHttpResponseCodec.decode(AbstractHttpResponseCodec.java:44)
at org.openqa.selenium.remote.HttpCommandExecutor.execute(HttpCommandExecutor.java:158)
at org.openqa.selenium.remote.service.DriverCommandExecutor.execute(DriverCommandExecutor.java:83)
at org.openqa.selenium.remote.RemoteWebDriver.execute(RemoteWebDriver.java:552)
at org.openqa.selenium.remote.RemoteWebDriver.get(RemoteWebDriver.java:277)
at setupconfig.BaseTestScript.initiateBrowser(BaseTestScript.java:93)
at testNgExecutor.SuiteExecutor.main(SuiteExecutor.java:20)
... Removed 27 stack frames]]>
    </failure>
  </testcase> <!-- @BeforeClass initiateBrowser -->
  <testcase name="@AfterClass terminateBrowser" time="0.0" classname="setupconfig.BaseTestScript">
    <skipped/>
  </testcase> <!-- @AfterClass terminateBrowser -->
  <testcase name="verifyShoppingCategory" time="0.0" classname="testscripts.AmzonSearch">
    <skipped/>
  </testcase> <!-- verifyShoppingCategory -->
  <testcase name="verifySearch" time="0.0" classname="testscripts.AmzonSearch">
    <skipped/>
  </testcase> <!-- verifySearch -->
  <testcase name="verifySortLowToHighPrice" time="0.0" classname="testscripts.AmzonSearch">
    <skipped/>
  </testcase> <!-- verifySortLowToHighPrice -->
  <testcase name="verifyAddToCart" time="0.0" classname="testscripts.AmzonSearch">
    <skipped/>
  </testcase> <!-- verifyAddToCart -->
</testsuite> <!-- EdgeTest -->
