<?xml version="1.0" encoding="UTF-8"?>
<!-- Generated by org.testng.reporters.JUnitXMLReporter -->
<testsuite hostname="SCAN-IT-PDC206" ignored="0" name="FirefoxTest" tests="4" failures="0" timestamp="01 Dec 2019 06:13:23 GMT" time="45.466" errors="0">
  <testcase name="@BeforeClass initiateBrowser" time="45.462" classname="setupconfig.BaseTestScript">
    <failure type="org.openqa.selenium.WebDriverException" message="Timed out waiting 45 seconds for Firefox to start.
Build info: version: &amp;apos;3.141.59&amp;apos;, revision: &amp;apos;e82be7d358&amp;apos;, time: &amp;apos;2018-11-14T08:17:03&amp;apos;
System info: host: &amp;apos;SCAN-IT-PDC206&amp;apos;, ip: &amp;apos;192.168.56.1&amp;apos;, os.name: &amp;apos;Windows 10&amp;apos;, os.arch: &amp;apos;amd64&amp;apos;, os.version: &amp;apos;10.0&amp;apos;, java.version: &amp;apos;1.8.0_101&amp;apos;
Driver info: driver.version: FirefoxDriver">
      <![CDATA[org.openqa.selenium.WebDriverException: Timed out waiting 45 seconds for Firefox to start.
Build info: version: '3.141.59', revision: 'e82be7d358', time: '2018-11-14T08:17:03'
System info: host: 'SCAN-IT-PDC206', ip: '192.168.56.1', os.name: 'Windows 10', os.arch: 'amd64', os.version: '10.0', java.version: '1.8.0_101'
Driver info: driver.version: FirefoxDriver
at org.openqa.selenium.firefox.XpiDriverService.waitUntilAvailable(XpiDriverService.java:247)
at org.openqa.selenium.firefox.XpiDriverService.start(XpiDriverService.java:159)
at org.openqa.selenium.remote.service.DriverCommandExecutor.execute(DriverCommandExecutor.java:79)
at org.openqa.selenium.remote.RemoteWebDriver.execute(RemoteWebDriver.java:552)
at org.openqa.selenium.remote.RemoteWebDriver.startSession(RemoteWebDriver.java:213)
at org.openqa.selenium.remote.RemoteWebDriver.<init>(RemoteWebDriver.java:131)
at org.openqa.selenium.firefox.FirefoxDriver.<init>(FirefoxDriver.java:147)
at org.openqa.selenium.firefox.FirefoxDriver.<init>(FirefoxDriver.java:133)
at setupconfig.BaseTestScript.initiateBrowser(BaseTestScript.java:71)
at testNgExecutor.SuiteExecutor.main(SuiteExecutor.java:20)
Caused by: org.openqa.selenium.net.UrlChecker$TimeoutException: Timed out waiting for [http://localhost:46216/hub/status] to be available after 45008 ms
at org.openqa.selenium.net.UrlChecker.waitUntilAvailable(UrlChecker.java:100)
at org.openqa.selenium.firefox.XpiDriverService.waitUntilAvailable(XpiDriverService.java:245)
... 32 more
Caused by: java.util.concurrent.TimeoutException
at java.util.concurrent.FutureTask.get(FutureTask.java:205)
at com.google.common.util.concurrent.SimpleTimeLimiter.callWithTimeout(SimpleTimeLimiter.java:156)
at org.openqa.selenium.net.UrlChecker.waitUntilAvailable(UrlChecker.java:75)
... 33 more
... Removed 23 stack frames]]>
    </failure>
  </testcase> <!-- @BeforeClass initiateBrowser -->
  <testcase name="@AfterClass terminateBrowser" time="0.0" classname="setupconfig.BaseTestScript">
    <skipped/>
  </testcase> <!-- @AfterClass terminateBrowser -->
  <testcase name="verifyShoppingCategory" time="0.0" classname="testscripts.AmzonSearch">
    <skipped/>
  </testcase> <!-- verifyShoppingCategory -->
  <testcase name="verifySearch" time="0.0" classname="testscripts.AmzonSearch">
    <skipped/>
  </testcase> <!-- verifySearch -->
  <testcase name="verifySortLowToHighPrice" time="0.0" classname="testscripts.AmzonSearch">
    <skipped/>
  </testcase> <!-- verifySortLowToHighPrice -->
  <testcase name="verifyAddToCart" time="0.0" classname="testscripts.AmzonSearch">
    <skipped/>
  </testcase> <!-- verifyAddToCart -->
</testsuite> <!-- FirefoxTest -->
